<?xml version="1.0" encoding="UTF-8"?>
<!-- Generated by org.testng.reporters.JUnitReportReporter -->
<testsuite hostname="DESKTOP-0MGR9KI" failures="0" tests="6" name="com.telemarketing.test.LoginTest" time="37.119" errors="0" timestamp="2022-07-04T22:34:04 ICT" skipped="0">
  <testcase classname="com.telemarketing.test.LoginTest" name="test_login_username_valid_password_valid" time="8.868"/>
  <system-out>
    <![CDATA[<img src='file://D:\selenium-workspace\Telemarketing\hasilSS\20220704_223332.png'height="450" width="1017"/>]]>
  </system-out>
  <testcase classname="com.telemarketing.test.LoginTest" name="test_login_username_valid_password_invalid" time="3.329"/>
  <system-out>
    <![CDATA[<img src='file://D:\selenium-workspace\Telemarketing\hasilSS\20220704_223337.png'height="450" width="1017"/>]]>
  </system-out>
  <testcase classname="com.telemarketing.test.LoginTest" name="test_login_username_invalid_password_invalid" time="3.540"/>
  <system-out>
    <![CDATA[<img src='file://D:\selenium-workspace\Telemarketing\hasilSS\20220704_223341.png'height="450" width="1017"/>]]>
  </system-out>
  <testcase classname="com.telemarketing.test.LoginTest" name="test_login_username_empty_password_empty" time="3.193"/>
  <system-out>
    <![CDATA[<img src='file://D:\selenium-workspace\Telemarketing\hasilSS\20220704_223344.png'height="450" width="1017"/>]]>
  </system-out>
  <testcase classname="com.telemarketing.test.LoginTest" name="testLogin_usernameAndPasswordValid_clickGreenUsername" time="9.125"/>
  <system-out>
    <![CDATA[<img src='file://D:\selenium-workspace\Telemarketing\hasilSS\20220704_223351.png'height="450" width="1017"/>]]>
  </system-out>
  <testcase classname="com.telemarketing.test.LoginTest" name="testLogin_usernameAndPasswordValid_clickGreenPassword" time="9.064"/>
  <system-out>
    <![CDATA[<img src='file://D:\selenium-workspace\Telemarketing\hasilSS\20220704_223400.png'height="450" width="1017"/>]]>
  </system-out>
</testsuite> <!-- com.telemarketing.test.LoginTest -->
