<?xml version="1.0" encoding="UTF-8"?>
<!-- Generated by org.testng.reporters.JUnitReportReporter -->
<testsuite hostname="DESKTOP-0MGR9KI" failures="0" tests="3" name="com.telemarketing.test.NavigationTest" time="27.340" errors="0" timestamp="2022-07-05T08:59:47 ICT" skipped="2">
  <testcase classname="com.telemarketing.test.NavigationTest" name="testDataNew" time="27.340"/>
  <system-out/>
  <testcase classname="com.telemarketing.test.NavigationTest" name="testNavigate">
    <skipped/>
  </testcase> <!-- testNavigate -->
  <system-out/>
  <testcase classname="com.telemarketing.test.NavigationTest" name="testLogin">
    <skipped/>
  </testcase> <!-- testLogin -->
  <system-out/>
</testsuite> <!-- com.telemarketing.test.NavigationTest -->
